<?xml version="1.0" encoding="UTF-8"?>
<!-- Generated by org.testng.reporters.JUnitXMLReporter -->
<testsuite ignored="1" hostname="DESKTOP-8G24FNN" failures="0" tests="1" name="Default test" time="7.825" errors="0" timestamp="2023-05-17T20:39:35 WIB">
  <testcase classname="testautomation.qaengineer.GraphQlTest" name="CekTodosCompleted" time="7.626"/>
  <testcase classname="testautomation.qaengineer.GraphQlTest" name="getUsersName" time="0.0">
    <ignored/>
  </testcase> <!-- getUsersName -->
</testsuite> <!-- Default test -->
