<?xml version="1.0" encoding="UTF-8"?>
<!-- Generated by org.testng.reporters.JUnitXMLReporter -->
<testsuite ignored="0" hostname="DESKTOP-8G24FNN" failures="0" tests="3" name="Test" time="28.3" errors="0" timestamp="2023-05-01T20:00:27 WIB">
  <testcase classname="testautomation.qaengineer.AppTest2" name="LoginPassInvalid" time="1.08"/>
  <testcase classname="testautomation.qaengineer.AppTest2" name="LoginUsernameNull" time="0.93"/>
  <testcase classname="testautomation.qaengineer.AppTest2" name="LoginValid" time="0.994"/>
</testsuite> <!-- Test -->
