<?xml version="1.0" encoding="UTF-8"?>
<!-- Generated by org.testng.reporters.JUnitXMLReporter -->
<testsuite ignored="0" hostname="DESKTOP-8G24FNN" failures="0" tests="5" name="Test" time="33.123" errors="0" timestamp="17 May 2023 14:05:48 GMT">
  <testcase classname="testautomation.qaengineer.GraphQlTest" name="CekTodosCompleted" time="6.967"/>
  <testcase classname="testautomation.qaengineer.GraphQlTest" name="getUsersName" time="0.885"/>
  <testcase classname="testautomation.qaengineer.AppTest2" name="LoginPassInvalid" time="0.969"/>
  <testcase classname="testautomation.qaengineer.AppTest2" name="LoginUsernameNull" time="1.026"/>
  <testcase classname="testautomation.qaengineer.AppTest2" name="LoginValid" time="0.926"/>
</testsuite> <!-- Test -->
