<?xml version="1.0" encoding="UTF-8"?>
<testsuite xmlns:xsi="http://www.w3.org/2001/XMLSchema-instance" xsi:schemaLocation="https://maven.apache.org/surefire/maven-surefire-plugin/xsd/surefire-test-report.xsd" name="TestSuite" time="15.179" tests="2" errors="0" skipped="0" failures="2">
  <properties>
[...]
</properties>
  <testcase name="CekTodosCompleted" classname="testautomation.qaengineer.GraphQlTest" time="9.113">
    <failure message="1 expectation failed.&#10;JSON path data.users[1].todos[1].title doesn&apos;t match.&#10;Expected: Test&#10;  Actual: null&#10;" type="java.lang.AssertionError">java.lang.AssertionError: 
1 expectation failed.
JSON path data.users[1].todos[1].title doesn't match.
Expected: Test
  Actual: null

	at testautomation.qaengineer.GraphQlTest.CekTodosCompleted(GraphQlTest.java:31)
</failure>
    <system-out><![CDATA[[TestNGContentHandler] [WARN] It is strongly recommended to add "<!DOCTYPE suite SYSTEM "http://testng.org/testng-1.0.dtd" >" at the top of your file, otherwise TestNG may fail or not work as expected.
Request method:	POST
Request URI:	https://hasura.io/learn/graphql
Proxy:			<none>
Request params:	<none>
Query params:	<none>
Form params:	<none>
Path params:	<none>
Headers:		Authorization=Bearer eyJhbGciOiJSUzI1NiIsInR5cCI6IkpXVCIsImtpZCI6Ik9FWTJSVGM1UlVOR05qSXhSRUV5TURJNFFUWXdNekZETWtReU1EQXdSVUV4UVVRM05EazFNQSJ9.eyJodHRwczovL2hhc3VyYS5pby9qd3QvY2xhaW1zIjp7IngtaGFzdXJhLWRlZmF1bHQtcm9sZSI6InVzZXIiLCJ4LWhhc3VyYS1hbGxvd2VkLXJvbGVzIjpbInVzZXIiXSwieC1oYXN1cmEtdXNlci1pZCI6ImF1dGgwfDY0NTUzZmJjMWM1ODE0MTFkODUwZWY0ZiJ9LCJuaWNrbmFtZSI6ImJvZ2ltYWhlbmRyYTI3IiwibmFtZSI6ImJvZ2ltYWhlbmRyYTI3QGdtYWlsLmNvbSIsInBpY3R1cmUiOiJodHRwczovL3MuZ3JhdmF0YXIuY29tL2F2YXRhci9jOWIwYmVjNjk3Yzc1MmIwMDhkMTZkZWEyNzkzZTM2MT9zPTQ4MCZyPXBnJmQ9aHR0cHMlM0ElMkYlMkZjZG4uYXV0aDAuY29tJTJGYXZhdGFycyUyRmJvLnBuZyIsInVwZGF0ZWRfYXQiOiIyMDIzLTA1LTE1VDE2OjM2OjQzLjUxN1oiLCJpc3MiOiJodHRwczovL2dyYXBocWwtdHV0b3JpYWxzLmF1dGgwLmNvbS8iLCJhdWQiOiJQMzhxbkZvMWxGQVFKcnprdW4tLXdFenFsalZOR2NXVyIsImlhdCI6MTY4NDE2ODYwNCwiZXhwIjoxNjg0MjA0NjA0LCJzdWIiOiJhdXRoMHw2NDU1M2ZiYzFjNTgxNDExZDg1MGVmNGYiLCJhdF9oYXNoIjoiMXVkR2Q5QlhRaV84R245MGxEeFduUSIsInNpZCI6IlVkbVpfazBHWDhOcnA0U3gzWHNNZEtWTXVsV21nd2FrIiwibm9uY2UiOiJkUFF3ejlPSjBjRVV3VjhJN1Y4NkZLQ25LQzc3SUNFQiJ9.Bl6yQDXatlGYLCc6rHOfZxFoP4x_3srkcHD8vkfOufC32RxUL4VbTWzt39089X084LA7YZpHlgh8nk5eDFSqQQtSkdf7YovQWRqpI3jLV84i1v9tac7T9fhfsf8oV1hW3hX5i4KjaZr2Jzp6pszJ7YMEjqEj0ruxO9fgwtG7Pz7wJNIlWbwMNNjLkImTG17-goj8CMm0wFhoL0kk08NPNXnP_UoHyF75AZxlasBKiKd_WUOgfXFKQ5FbEYP2zUaiwIXvkBmzrlebY-2rzd-VtVtR4n_kwQaNe_HXus4u5Si6nTOxDb526D1drF3PDFXVkckhauGsCTLJfWDyJ2IICQ
				Accept=*/*
				Content-Type=application/json; charset=UTF-8
Cookies:		<none>
Multiparts:		<none>
Body:
{
    "query": "{\n  users {\n    name\n    todos {\n      title\n    }\n  }\n}\n",
    "variables": null
}
Request method:	POST
Request URI:	https://hasura.io/learn/graphql
Proxy:			<none>
Request params:	<none>
Query params:	<none>
Form params:	<none>
Path params:	<none>
Headers:		Authorization=Bearer eyJhbGciOiJSUzI1NiIsInR5cCI6IkpXVCIsImtpZCI6Ik9FWTJSVGM1UlVOR05qSXhSRUV5TURJNFFUWXdNekZETWtReU1EQXdSVUV4UVVRM05EazFNQSJ9.eyJodHRwczovL2hhc3VyYS5pby9qd3QvY2xhaW1zIjp7IngtaGFzdXJhLWRlZmF1bHQtcm9sZSI6InVzZXIiLCJ4LWhhc3VyYS1hbGxvd2VkLXJvbGVzIjpbInVzZXIiXSwieC1oYXN1cmEtdXNlci1pZCI6ImF1dGgwfDY0NTUzZmJjMWM1ODE0MTFkODUwZWY0ZiJ9LCJuaWNrbmFtZSI6ImJvZ2ltYWhlbmRyYTI3IiwibmFtZSI6ImJvZ2ltYWhlbmRyYTI3QGdtYWlsLmNvbSIsInBpY3R1cmUiOiJodHRwczovL3MuZ3JhdmF0YXIuY29tL2F2YXRhci9jOWIwYmVjNjk3Yzc1MmIwMDhkMTZkZWEyNzkzZTM2MT9zPTQ4MCZyPXBnJmQ9aHR0cHMlM0ElMkYlMkZjZG4uYXV0aDAuY29tJTJGYXZhdGFycyUyRmJvLnBuZyIsInVwZGF0ZWRfYXQiOiIyMDIzLTA1LTE1VDE2OjM2OjQzLjUxN1oiLCJpc3MiOiJodHRwczovL2dyYXBocWwtdHV0b3JpYWxzLmF1dGgwLmNvbS8iLCJhdWQiOiJQMzhxbkZvMWxGQVFKcnprdW4tLXdFenFsalZOR2NXVyIsImlhdCI6MTY4NDE2ODYwNCwiZXhwIjoxNjg0MjA0NjA0LCJzdWIiOiJhdXRoMHw2NDU1M2ZiYzFjNTgxNDExZDg1MGVmNGYiLCJhdF9oYXNoIjoiMXVkR2Q5QlhRaV84R245MGxEeFduUSIsInNpZCI6IlVkbVpfazBHWDhOcnA0U3gzWHNNZEtWTXVsV21nd2FrIiwibm9uY2UiOiJkUFF3ejlPSjBjRVV3VjhJN1Y4NkZLQ25LQzc3SUNFQiJ9.Bl6yQDXatlGYLCc6rHOfZxFoP4x_3srkcHD8vkfOufC32RxUL4VbTWzt39089X084LA7YZpHlgh8nk5eDFSqQQtSkdf7YovQWRqpI3jLV84i1v9tac7T9fhfsf8oV1hW3hX5i4KjaZr2Jzp6pszJ7YMEjqEj0ruxO9fgwtG7Pz7wJNIlWbwMNNjLkImTG17-goj8CMm0wFhoL0kk08NPNXnP_UoHyF75AZxlasBKiKd_WUOgfXFKQ5FbEYP2zUaiwIXvkBmzrlebY-2rzd-VtVtR4n_kwQaNe_HXus4u5Si6nTOxDb526D1drF3PDFXVkckhauGsCTLJfWDyJ2IICQ
				Accept=*/*
				Content-Type=application/json; charset=UTF-8
Cookies:		<none>
Multiparts:		<none>
Body:
{
    "query": "{\n  users {\n    name\n    todos {\n      title\n    }\n  }\n}\n",
    "variables": null
}
HTTP/1.1 200 OK
Date: Wed, 17 May 2023 13:33:09 GMT
Content-Type: application/json; charset=utf-8
Transfer-Encoding: chunked
Connection: keep-alive
CF-Cache-Status: DYNAMIC
Content-Security-Policy: upgrade-insecure-requests
Referrer-Policy: strict-origin-when-cross-origin
Strict-Transport-Security: max-age=31536000; includeSubDomains
X-Content-Type-Options: nosniff
X-Frame-Options: SAMEORIGIN
X-XSS-Protection: 0
Content-Encoding: gzip
Server: cloudflare
CF-RAY: 7c8c3b022ac73f6a-SIN

{
    "errors": [
        {
            "extensions": {
                "code": "access-denied",
                "path": "$"
            },
            "message": "Authentication hook unauthorized this request"
        }
    ]
}
]]></system-out>
    <system-err><![CDATA[log4j:WARN No appenders could be found for logger (org.apache.http.impl.conn.BasicClientConnectionManager).
log4j:WARN Please initialize the log4j system properly.
log4j:WARN See http://logging.apache.org/log4j/1.2/faq.html#noconfig for more info.
]]></system-err>
  </testcase>
  <testcase name="getUsersName" classname="testautomation.qaengineer.GraphQlTest" time="1.508">
    <failure message="1 expectation failed.&#10;JSON path data.users[1].name doesn&apos;t match.&#10;Expected: dassad&#10;  Actual: null&#10;" type="java.lang.AssertionError">java.lang.AssertionError: 
1 expectation failed.
JSON path data.users[1].name doesn't match.
Expected: dassad
  Actual: null

	at testautomation.qaengineer.GraphQlTest.getUsersName(GraphQlTest.java:48)
</failure>
    <system-out><![CDATA[Request method:	POST
Request URI:	https://hasura.io/learn/graphql
Proxy:			<none>
Request params:	<none>
Query params:	<none>
Form params:	<none>
Path params:	<none>
Headers:		Authorization=Bearer eyJhbGciOiJSUzI1NiIsInR5cCI6IkpXVCIsImtpZCI6Ik9FWTJSVGM1UlVOR05qSXhSRUV5TURJNFFUWXdNekZETWtReU1EQXdSVUV4UVVRM05EazFNQSJ9.eyJodHRwczovL2hhc3VyYS5pby9qd3QvY2xhaW1zIjp7IngtaGFzdXJhLWRlZmF1bHQtcm9sZSI6InVzZXIiLCJ4LWhhc3VyYS1hbGxvd2VkLXJvbGVzIjpbInVzZXIiXSwieC1oYXN1cmEtdXNlci1pZCI6ImF1dGgwfDY0NTUzZmJjMWM1ODE0MTFkODUwZWY0ZiJ9LCJuaWNrbmFtZSI6ImJvZ2ltYWhlbmRyYTI3IiwibmFtZSI6ImJvZ2ltYWhlbmRyYTI3QGdtYWlsLmNvbSIsInBpY3R1cmUiOiJodHRwczovL3MuZ3JhdmF0YXIuY29tL2F2YXRhci9jOWIwYmVjNjk3Yzc1MmIwMDhkMTZkZWEyNzkzZTM2MT9zPTQ4MCZyPXBnJmQ9aHR0cHMlM0ElMkYlMkZjZG4uYXV0aDAuY29tJTJGYXZhdGFycyUyRmJvLnBuZyIsInVwZGF0ZWRfYXQiOiIyMDIzLTA1LTE1VDE2OjM2OjQzLjUxN1oiLCJpc3MiOiJodHRwczovL2dyYXBocWwtdHV0b3JpYWxzLmF1dGgwLmNvbS8iLCJhdWQiOiJQMzhxbkZvMWxGQVFKcnprdW4tLXdFenFsalZOR2NXVyIsImlhdCI6MTY4NDE2ODYwNCwiZXhwIjoxNjg0MjA0NjA0LCJzdWIiOiJhdXRoMHw2NDU1M2ZiYzFjNTgxNDExZDg1MGVmNGYiLCJhdF9oYXNoIjoiMXVkR2Q5QlhRaV84R245MGxEeFduUSIsInNpZCI6IlVkbVpfazBHWDhOcnA0U3gzWHNNZEtWTXVsV21nd2FrIiwibm9uY2UiOiJkUFF3ejlPSjBjRVV3VjhJN1Y4NkZLQ25LQzc3SUNFQiJ9.Bl6yQDXatlGYLCc6rHOfZxFoP4x_3srkcHD8vkfOufC32RxUL4VbTWzt39089X084LA7YZpHlgh8nk5eDFSqQQtSkdf7YovQWRqpI3jLV84i1v9tac7T9fhfsf8oV1hW3hX5i4KjaZr2Jzp6pszJ7YMEjqEj0ruxO9fgwtG7Pz7wJNIlWbwMNNjLkImTG17-goj8CMm0wFhoL0kk08NPNXnP_UoHyF75AZxlasBKiKd_WUOgfXFKQ5FbEYP2zUaiwIXvkBmzrlebY-2rzd-VtVtR4n_kwQaNe_HXus4u5Si6nTOxDb526D1drF3PDFXVkckhauGsCTLJfWDyJ2IICQ
				Accept=*/*
				Content-Type=application/json; charset=UTF-8
Cookies:		<none>
Multiparts:		<none>
Body:
{
    "query": "{\n  users(limit:5) {\n    name\n  }\n}\n",
    "variables": null
}
Request method:	POST
Request URI:	https://hasura.io/learn/graphql
Proxy:			<none>
Request params:	<none>
Query params:	<none>
Form params:	<none>
Path params:	<none>
Headers:		Authorization=Bearer eyJhbGciOiJSUzI1NiIsInR5cCI6IkpXVCIsImtpZCI6Ik9FWTJSVGM1UlVOR05qSXhSRUV5TURJNFFUWXdNekZETWtReU1EQXdSVUV4UVVRM05EazFNQSJ9.eyJodHRwczovL2hhc3VyYS5pby9qd3QvY2xhaW1zIjp7IngtaGFzdXJhLWRlZmF1bHQtcm9sZSI6InVzZXIiLCJ4LWhhc3VyYS1hbGxvd2VkLXJvbGVzIjpbInVzZXIiXSwieC1oYXN1cmEtdXNlci1pZCI6ImF1dGgwfDY0NTUzZmJjMWM1ODE0MTFkODUwZWY0ZiJ9LCJuaWNrbmFtZSI6ImJvZ2ltYWhlbmRyYTI3IiwibmFtZSI6ImJvZ2ltYWhlbmRyYTI3QGdtYWlsLmNvbSIsInBpY3R1cmUiOiJodHRwczovL3MuZ3JhdmF0YXIuY29tL2F2YXRhci9jOWIwYmVjNjk3Yzc1MmIwMDhkMTZkZWEyNzkzZTM2MT9zPTQ4MCZyPXBnJmQ9aHR0cHMlM0ElMkYlMkZjZG4uYXV0aDAuY29tJTJGYXZhdGFycyUyRmJvLnBuZyIsInVwZGF0ZWRfYXQiOiIyMDIzLTA1LTE1VDE2OjM2OjQzLjUxN1oiLCJpc3MiOiJodHRwczovL2dyYXBocWwtdHV0b3JpYWxzLmF1dGgwLmNvbS8iLCJhdWQiOiJQMzhxbkZvMWxGQVFKcnprdW4tLXdFenFsalZOR2NXVyIsImlhdCI6MTY4NDE2ODYwNCwiZXhwIjoxNjg0MjA0NjA0LCJzdWIiOiJhdXRoMHw2NDU1M2ZiYzFjNTgxNDExZDg1MGVmNGYiLCJhdF9oYXNoIjoiMXVkR2Q5QlhRaV84R245MGxEeFduUSIsInNpZCI6IlVkbVpfazBHWDhOcnA0U3gzWHNNZEtWTXVsV21nd2FrIiwibm9uY2UiOiJkUFF3ejlPSjBjRVV3VjhJN1Y4NkZLQ25LQzc3SUNFQiJ9.Bl6yQDXatlGYLCc6rHOfZxFoP4x_3srkcHD8vkfOufC32RxUL4VbTWzt39089X084LA7YZpHlgh8nk5eDFSqQQtSkdf7YovQWRqpI3jLV84i1v9tac7T9fhfsf8oV1hW3hX5i4KjaZr2Jzp6pszJ7YMEjqEj0ruxO9fgwtG7Pz7wJNIlWbwMNNjLkImTG17-goj8CMm0wFhoL0kk08NPNXnP_UoHyF75AZxlasBKiKd_WUOgfXFKQ5FbEYP2zUaiwIXvkBmzrlebY-2rzd-VtVtR4n_kwQaNe_HXus4u5Si6nTOxDb526D1drF3PDFXVkckhauGsCTLJfWDyJ2IICQ
				Accept=*/*
				Content-Type=application/json; charset=UTF-8
Cookies:		<none>
Multiparts:		<none>
Body:
{
    "query": "{\n  users(limit:5) {\n    name\n  }\n}\n",
    "variables": null
}
HTTP/1.1 200 OK
Date: Wed, 17 May 2023 13:33:13 GMT
Content-Type: application/json; charset=utf-8
Transfer-Encoding: chunked
Connection: keep-alive
CF-Cache-Status: DYNAMIC
Content-Security-Policy: upgrade-insecure-requests
Referrer-Policy: strict-origin-when-cross-origin
Strict-Transport-Security: max-age=31536000; includeSubDomains
X-Content-Type-Options: nosniff
X-Frame-Options: SAMEORIGIN
X-XSS-Protection: 0
Content-Encoding: gzip
Server: cloudflare
CF-RAY: 7c8c3b1a4e7eab53-SIN

{
    "errors": [
        {
            "extensions": {
                "code": "access-denied",
                "path": "$"
            },
            "message": "Authentication hook unauthorized this request"
        }
    ]
}
]]></system-out>
  </testcase>
</testsuite>