<?xml version="1.0" encoding="UTF-8"?>
<testsuite xmlns:xsi="http://www.w3.org/2001/XMLSchema-instance" xsi:schemaLocation="https://maven.apache.org/surefire/maven-surefire-plugin/xsd/surefire-test-report.xsd" name="TestSuite" time="35.569" tests="5" errors="0" skipped="0" failures="0">
  <properties>
[...]
</properties>
  <testcase name="CekTodosCompleted" classname="testautomation.qaengineer.GraphQlTest" time="6.968"/>
  <testcase name="getUsersName" classname="testautomation.qaengineer.GraphQlTest" time="0.883"/>
  <testcase name="LoginPassInvalid" classname="testautomation.qaengineer.AppTest2" time="0.97"/>
  <testcase name="LoginUsernameNull" classname="testautomation.qaengineer.AppTest2" time="1.025"/>
  <testcase name="LoginValid" classname="testautomation.qaengineer.AppTest2" time="0.926"/>
</testsuite>