<?xml version="1.0" encoding="UTF-8"?>
<testng-results ignored="0" total="5" passed="5" failed="0" skipped="0">
  <reporter-output>
  </reporter-output>
  <suite started-at="2023-05-17T14:05:15Z" name="Suite" finished-at="2023-05-17T14:05:48Z" duration-ms="33123">
    <groups>
    </groups>
    <test started-at="2023-05-17T14:05:15Z" name="Test" finished-at="2023-05-17T14:05:48Z" duration-ms="33123">
      <class name="testautomation.qaengineer.AppTest2">
        <test-method is-config="true" signature="createChromeDriver()[pri:0, instance:testautomation.qaengineer.AppTest2@3f0846c6]" started-at="2023-05-17T14:05:23Z" name="createChromeDriver" finished-at="2023-05-17T14:05:33Z" duration-ms="10047" status="PASS">
          <reporter-output>
          </reporter-output>
        </test-method> <!-- createChromeDriver -->
        <test-method signature="LoginPassInvalid()[pri:0, instance:testautomation.qaengineer.AppTest2@3f0846c6]" started-at="2023-05-17T14:05:33Z" name="LoginPassInvalid" finished-at="2023-05-17T14:05:34Z" duration-ms="969" status="PASS">
          <reporter-output>
          </reporter-output>
        </test-method> <!-- LoginPassInvalid -->
        <test-method is-config="true" signature="quitChromeDriver()[pri:0, instance:testautomation.qaengineer.AppTest2@3f0846c6]" started-at="2023-05-17T14:05:34Z" name="quitChromeDriver" finished-at="2023-05-17T14:05:34Z" duration-ms="106" status="PASS">
          <reporter-output>
          </reporter-output>
        </test-method> <!-- quitChromeDriver -->
        <test-method is-config="true" signature="createChromeDriver()[pri:0, instance:testautomation.qaengineer.AppTest2@3f0846c6]" started-at="2023-05-17T14:05:34Z" name="createChromeDriver" finished-at="2023-05-17T14:05:39Z" duration-ms="5243" status="PASS">
          <reporter-output>
          </reporter-output>
        </test-method> <!-- createChromeDriver -->
        <test-method signature="LoginUsernameNull()[pri:0, instance:testautomation.qaengineer.AppTest2@3f0846c6]" started-at="2023-05-17T14:05:39Z" name="LoginUsernameNull" finished-at="2023-05-17T14:05:40Z" duration-ms="1026" status="PASS">
          <reporter-output>
          </reporter-output>
        </test-method> <!-- LoginUsernameNull -->
        <test-method is-config="true" signature="quitChromeDriver()[pri:0, instance:testautomation.qaengineer.AppTest2@3f0846c6]" started-at="2023-05-17T14:05:40Z" name="quitChromeDriver" finished-at="2023-05-17T14:05:40Z" duration-ms="86" status="PASS">
          <reporter-output>
          </reporter-output>
        </test-method> <!-- quitChromeDriver -->
        <test-method is-config="true" signature="createChromeDriver()[pri:0, instance:testautomation.qaengineer.AppTest2@3f0846c6]" started-at="2023-05-17T14:05:40Z" name="createChromeDriver" finished-at="2023-05-17T14:05:47Z" duration-ms="6609" status="PASS">
          <reporter-output>
          </reporter-output>
        </test-method> <!-- createChromeDriver -->
        <test-method signature="LoginValid()[pri:0, instance:testautomation.qaengineer.AppTest2@3f0846c6]" started-at="2023-05-17T14:05:47Z" name="LoginValid" finished-at="2023-05-17T14:05:48Z" duration-ms="926" status="PASS">
          <reporter-output>
          </reporter-output>
        </test-method> <!-- LoginValid -->
        <test-method is-config="true" signature="quitChromeDriver()[pri:0, instance:testautomation.qaengineer.AppTest2@3f0846c6]" started-at="2023-05-17T14:05:48Z" name="quitChromeDriver" finished-at="2023-05-17T14:05:48Z" duration-ms="78" status="PASS">
          <reporter-output>
          </reporter-output>
        </test-method> <!-- quitChromeDriver -->
      </class> <!-- testautomation.qaengineer.AppTest2 -->
      <class name="testautomation.qaengineer.GraphQlTest">
        <test-method signature="CekTodosCompleted()[pri:0, instance:testautomation.qaengineer.GraphQlTest@57459491]" started-at="2023-05-17T14:05:15Z" name="CekTodosCompleted" finished-at="2023-05-17T14:05:22Z" duration-ms="6967" status="PASS">
          <reporter-output>
          </reporter-output>
        </test-method> <!-- CekTodosCompleted -->
        <test-method signature="getUsersName()[pri:0, instance:testautomation.qaengineer.GraphQlTest@57459491]" started-at="2023-05-17T14:05:22Z" name="getUsersName" finished-at="2023-05-17T14:05:23Z" duration-ms="885" status="PASS">
          <reporter-output>
          </reporter-output>
        </test-method> <!-- getUsersName -->
      </class> <!-- testautomation.qaengineer.GraphQlTest -->
    </test> <!-- Test -->
  </suite> <!-- Suite -->
</testng-results>
